<?xml version="1.0" encoding="UTF-8"?>
<testsuite xmlns:xsi="http://www.w3.org/2001/XMLSchema-instance" xsi:noNamespaceSchemaLocation="https://maven.apache.org/surefire/maven-surefire-plugin/xsd/surefire-test-report-3.0.xsd" version="3.0" name="runner.Testrunner" time="80.127" tests="13" errors="0" skipped="0" failures="1">
  <properties>
[...]
</properties>
  <testcase name="Login with valid Credentials #1" classname="Login Functionality" time="5.136">
    <system-out><![CDATA[
Scenario Outline: Login with valid Credentials                                         # Features/Login.feature:11
  Given User navigates to Login page.                                                  # stepdefination.Login.user_navigates_to_login_page()
  When User enteres valid email address pankajshirke901@gmail.com into the email field # stepdefination.Login.User_enteres_valid_email_into_email_address_field(java.lang.String)
  And User has entered Valid Password Test@12345 into the password                     # stepdefination.Login.user_has_entered_valid_password_into_the_password(java.lang.String)
  And User Clicks on Login Button                                                      # stepdefination.Login.user_clicks_on_login_button()
  Then User should get login successfully                                              # stepdefination.Login.user_should_get_login_successfully()
]]></system-out>
  </testcase>
  <testcase name="Login with valid Credentials #2" classname="Login Functionality" time="4.79">
    <system-out><![CDATA[
Scenario Outline: Login with valid Credentials                                         # Features/Login.feature:12
  Given User navigates to Login page.                                                  # stepdefination.Login.user_navigates_to_login_page()
  When User enteres valid email address pankajshirke933@gmail.com into the email field # stepdefination.Login.User_enteres_valid_email_into_email_address_field(java.lang.String)
  And User has entered Valid Password Test@12345 into the password                     # stepdefination.Login.user_has_entered_valid_password_into_the_password(java.lang.String)
  And User Clicks on Login Button                                                      # stepdefination.Login.user_clicks_on_login_button()
  Then User should get login successfully                                              # stepdefination.Login.user_should_get_login_successfully()
]]></system-out>
  </testcase>
  <testcase name="Login with valid Credentials #3" classname="Login Functionality" time="6.062">
    <system-out><![CDATA[
Scenario Outline: Login with valid Credentials                                         # Features/Login.feature:13
  Given User navigates to Login page.                                                  # stepdefination.Login.user_navigates_to_login_page()
  When User enteres valid email address pankajshirke934@gmail.com into the email field # stepdefination.Login.User_enteres_valid_email_into_email_address_field(java.lang.String)
  And User has entered Valid Password Test@12345 into the password                     # stepdefination.Login.user_has_entered_valid_password_into_the_password(java.lang.String)
  And User Clicks on Login Button                                                      # stepdefination.Login.user_clicks_on_login_button()
  Then User should get login successfully                                              # stepdefination.Login.user_should_get_login_successfully()
]]></system-out>
  </testcase>
  <testcase name="Login with Invalid Credentials" classname="Login Functionality" time="4.203">
    <system-out><![CDATA[
Scenario: Login with Invalid Credentials                               # Features/Login.feature:15
  Given User navigates to Login page.                                  # stepdefination.Login.user_navigates_to_login_page()
  When User enteres Invalid email address into the email field         # stepdefination.Login.user_enteres_invalid_email_address_into_the_email_field()
  And User has entered InValid Password "Tes@12345" into the password  # stepdefination.Login.user_has_entered_in_valid_password_into_the_password(java.lang.String)
  And User Clicks on Login Button                                      # stepdefination.Login.user_clicks_on_login_button()
  Then User should get proper warning message for credential mismatch. # stepdefination.Login.user_should_get_proper_warning_message_for_credential_mismatch()
]]></system-out>
  </testcase>
  <testcase name="Login with valid email with Invalid Password" classname="Login Functionality" time="5.196">
    <system-out><![CDATA[
Scenario: Login with valid email with Invalid Password                                   # Features/Login.feature:22
  Given User navigates to Login page.                                                    # stepdefination.Login.user_navigates_to_login_page()
  When User enteres valid email address "pankajshirke901@gmail.com" into the email field # stepdefination.Login.User_enteres_valid_email_into_email_address_field(java.lang.String)
  And User has entered InValid Password "Tes@12345" into the password                    # stepdefination.Login.user_has_entered_in_valid_password_into_the_password(java.lang.String)
  And User Clicks on Login Button                                                        # stepdefination.Login.user_clicks_on_login_button()
  Then User should get proper warning message for credential mismatch.                   # stepdefination.Login.user_should_get_proper_warning_message_for_credential_mismatch()
]]></system-out>
  </testcase>
  <testcase name="Login with Invalid email with valid Password" classname="Login Functionality" time="8.991">
    <system-out><![CDATA[
Scenario: Login with Invalid email with valid Password                 # Features/Login.feature:29
  Given User navigates to Login page.                                  # stepdefination.Login.user_navigates_to_login_page()
  When User enteres Invalid email address into the email field         # stepdefination.Login.user_enteres_invalid_email_address_into_the_email_field()
  And User has entered Valid Password "Tet@12345" into the password    # stepdefination.Login.user_has_entered_valid_password_into_the_password(java.lang.String)
  And User Clicks on Login Button                                      # stepdefination.Login.user_clicks_on_login_button()
  Then User should get proper warning message for credential mismatch. # stepdefination.Login.user_should_get_proper_warning_message_for_credential_mismatch()
]]></system-out>
  </testcase>
  <testcase name="User creates an account only with mandatory fields" classname="Registration Functionality" time="8.866">
    <system-out><![CDATA[
Scenario: User creates an account only with mandatory fields # Features/Register.feature:3
  Given User navigates to Register Account page.             # stepdefination.Register.user_navigates_to_register_account_page()
  When User enters the details into the below fields         # stepdefination.Register.user_enters_the_details_into_the_below_fields(io.cucumber.datatable.DataTable)
    | firstName | Pankaj     |
    | lastName  | shirke     |
    | telephone | 9604065837 |
    | password  | Test@12345 |
  And User selects Privacy policy                            # stepdefination.Register.user_selects_privacy_policy()
  And User clicks on continue button                         # stepdefination.Register.user_clicks_on_continue_button()
  Then User Account should get created successfully.         # stepdefination.Register.user_account_should_get_created_successfully()
]]></system-out>
  </testcase>
  <testcase name="User creates an account  with all fields" classname="Registration Functionality" time="7.949">
    <system-out><![CDATA[
Scenario: User creates an account  with all fields   # Features/Register.feature:16
  Given User navigates to Register Account page.     # stepdefination.Register.user_navigates_to_register_account_page()
  When User enters the details into the below fields # stepdefination.Register.user_enters_the_details_into_the_below_fields(io.cucumber.datatable.DataTable)
    | firstName | Pankaj     |
    | lastName  | shirke     |
    | telephone | 9604065837 |
    | password  | Test@12345 |
  And User selects Yes for NewsLetter                # stepdefination.Register.user_selects_yes_for_news_letter()
  And User selects Privacy policy                    # stepdefination.Register.user_selects_privacy_policy()
  And User clicks on continue button                 # stepdefination.Register.user_clicks_on_continue_button()
  Then User Account should get created successfully. # stepdefination.Register.user_account_should_get_created_successfully()
]]></system-out>
  </testcase>
  <testcase name="User creates duplicate account" classname="Registration Functionality" time="5.731">
    <system-out><![CDATA[
Scenario: User creates duplicate account                                  # Features/Register.feature:30
  Given User navigates to Register Account page.                          # stepdefination.Register.user_navigates_to_register_account_page()
  When User enters the details into the below fields with duplicate email # stepdefination.Register.user_enters_the_details_into_the_below_fields_with_duplicate_email(io.cucumber.datatable.DataTable)
    | firstName | Pankaj                    |
    | lastName  | shirke                    |
    | email     | shirkepankaj912@gmail.com |
    | telephone | 9604065837                |
    | password  | Test@12345                |
  And User selects Yes for NewsLetter                                     # stepdefination.Register.user_selects_yes_for_news_letter()
  And User selects Privacy policy                                         # stepdefination.Register.user_selects_privacy_policy()
  And User clicks on continue button                                      # stepdefination.Register.user_clicks_on_continue_button()
  Then User should get proper warning about duplicate email.              # stepdefination.Register.user_should_get_proper_warning_about_duplicate_email()
]]></system-out>
  </testcase>
  <testcase name="User creates an account  without filling fields" classname="Registration Functionality" time="6.543">
    <system-out><![CDATA[
Scenario: User creates an account  without filling fields  # Features/Register.feature:46
  Given User navigates to Register Account page.           # stepdefination.Register.user_navigates_to_register_account_page()
  When User enters dont the details into the below fields. # stepdefination.Register.user_enters_dont_the_details_into_the_below_fields()
  And User clicks on continue button                       # stepdefination.Register.user_clicks_on_continue_button()
  Then User should get proper warning.                     # stepdefination.Register.user_should_get_proper_warning()
]]></system-out>
  </testcase>
  <testcase name="User Search for valid a valid Product" classname="Search Functionality" time="3.728">
    <failure type="java.lang.AssertionError"><![CDATA[java.lang.AssertionError
]]></failure>
    <system-out><![CDATA[
Scenario: User Search for valid a valid Product                     # Features/Search.feature:3
  Given User opens the application.                                 # stepdefination.Search.user_opens_the_application()
  When User enteres valid product "hp" into searchbox field         # stepdefination.Search.user_enteres_valid_product_into_searchbox_field(java.lang.String)
  And User clicks on search button.                                 # stepdefination.Search.user_clicks_on_search_button()
  Then User should get valid product displayed in searchbox results # stepdefination.Search.user_should_get_valid_product_displayed_in_searchbox_results()
      java.lang.AssertionError
	at org.junit.Assert.fail(Assert.java:87)
	at org.junit.Assert.fail(Assert.java:96)
	at stepdefination.Search.user_should_get_valid_product_displayed_in_searchbox_results(Search.java:48)
	at ✽.User should get valid product displayed in searchbox results(classpath:Features/Search.feature:7)


    Embedding User_Search_for_valid_a_valid_Product [image/png 93169 bytes]

]]></system-out>
  </testcase>
  <testcase name="User Search for Invalid a valid Product" classname="Search Functionality" time="3.089">
    <system-out><![CDATA[
Scenario: User Search for Invalid a valid Product                # Features/Search.feature:10
  Given User opens the application.                              # stepdefination.Search.user_opens_the_application()
  When User enteres Invalid product "honda" into searchbox field # stepdefination.Search.user_enteres_invalid_product_into_searchbox_field(java.lang.String)
  And User clicks on search button.                              # stepdefination.Search.user_clicks_on_search_button()
  Then User should get a message about no product matching.      # stepdefination.Search.user_should_get_a_message_about_no_product_matching()
]]></system-out>
  </testcase>
  <testcase name="User Search without Product" classname="Search Functionality" time="3.098">
    <system-out><![CDATA[
Scenario: User Search without Product                          # Features/Search.feature:17
  Given User opens the application.                            # stepdefination.Search.user_opens_the_application()
  When User dont enteres any product name into searchbox field # stepdefination.Search.user_dont_enteres_any_product_name_into_searchbox_field()
  And User clicks on search button.                            # stepdefination.Search.user_clicks_on_search_button()
  Then User should get a message about no product matching.    # stepdefination.Search.user_should_get_a_message_about_no_product_matching()
]]></system-out>
  </testcase>
</testsuite>